<?xml version="1.0" encoding="UTF-8"?>
<!-- Generated by org.testng.reporters.JUnitXMLReporter -->
<testsuite ignored="3" hostname="LAPTOP-GBL7CPPC" failures="0" tests="1" name="Default test" time="564.742" errors="0" timestamp="2021-10-25T01:24:45 IST">
  <testcase classname="tests.ListGistTest" name="testListGistForAuthenticatedUser" time="564.115"/>
  <testcase classname="tests.ListGistTest" name="testListGistWithUsernameForUnAuthenticatedUser" time="0.0">
    <ignored/>
  </testcase> <!-- testListGistWithUsernameForUnAuthenticatedUser -->
  <testcase classname="tests.ListGistTest" name="testListGistWithUsernameForAuthenticatedUser" time="0.0">
    <ignored/>
  </testcase> <!-- testListGistWithUsernameForAuthenticatedUser -->
  <testcase classname="tests.ListGistTest" name="testListGistForUnAuthenticatedUser" time="0.0">
    <ignored/>
  </testcase> <!-- testListGistForUnAuthenticatedUser -->
</testsuite> <!-- Default test -->
