<?xml version="1.0" encoding="UTF-8"?>
<!-- Generated by org.testng.reporters.JUnitXMLReporter -->
<testsuite ignored="1" hostname="LAPTOP-GBL7CPPC" failures="0" tests="1" name="Default test" time="65.043" errors="0" timestamp="2021-10-24T15:42:10 IST">
  <testcase classname="tests.CreateGistTest" name="testCreateGist" time="64.387"/>
  <testcase classname="tests.CreateGistTest" name="testCreateGistWithoutAuthentication" time="0.0">
    <ignored/>
  </testcase> <!-- testCreateGistWithoutAuthentication -->
</testsuite> <!-- Default test -->
