<?xml version="1.0" encoding="UTF-8"?>
<!-- Generated by org.testng.reporters.JUnitXMLReporter -->
<testsuite ignored="0" hostname="LAPTOP-GBL7CPPC" failures="0" tests="11" name="Functional Test" time="39.92" errors="0" timestamp="2021-10-24T13:35:23 IST">
  <testcase classname="tests.CreateGistTest" name="testCreateGist" time="3.209"/>
  <testcase classname="tests.CreateGistTest" name="testCreateGistWithoutAuthentication" time="0.305"/>
  <testcase classname="tests.ReadGistTest" name="testReadGist" time="1.043"/>
  <testcase classname="tests.DeleteGistTest" name="testDeleteGist" time="1.484"/>
  <testcase classname="tests.ListGistTest" name="testListGistForAuthenticatedUser" time="2.49"/>
  <testcase classname="tests.ListGistTest" name="testListGistForUnAuthenticatedUser" time="2.248"/>
  <testcase classname="tests.ListGistTest" name="testListGistWithUsernameForAuthenticatedUser" time="2.38"/>
  <testcase classname="tests.ListGistTest" name="testListGistWithUsernameForUnAuthenticatedUser" time="1.969"/>
  <testcase classname="tests.RateLimitTest" name="testRateLimitForAuthenticatedUser" time="0.564"/>
  <testcase classname="tests.RateLimitTest" name="testRateLimitForUnAuthenticatedUser" time="0.043"/>
  <testcase classname="tests.GistAccessibilityTest" name="testCreateGistWithLargeFileContent" time="23.297"/>
</testsuite> <!-- Functional Test -->
