<?xml version="1.0" encoding="UTF-8"?>
<testng-results ignored="1" total="2" passed="1" failed="0" skipped="0">
  <reporter-output>
  </reporter-output>
  <suite started-at="2021-10-24T15:41:05 IST" name="Default suite" finished-at="2021-10-24T15:42:10 IST" duration-ms="65043">
    <groups>
    </groups>
    <test started-at="2021-10-24T15:41:05 IST" name="Default test" finished-at="2021-10-24T15:42:10 IST" duration-ms="65043">
      <class name="tests.CreateGistTest">
        <test-method is-config="true" signature="init()[pri:0, instance:tests.CreateGistTest@52815fa3]" started-at="2021-10-24T15:41:05 IST" name="init" finished-at="2021-10-24T15:41:05 IST" duration-ms="501" status="PASS">
          <reporter-output>
          </reporter-output>
        </test-method> <!-- init -->
        <test-method signature="testCreateGist()[pri:1, instance:tests.CreateGistTest@52815fa3]" started-at="2021-10-24T15:41:05 IST" name="testCreateGist" finished-at="2021-10-24T15:42:10 IST" duration-ms="64387" status="PASS">
          <reporter-output>
          </reporter-output>
        </test-method> <!-- testCreateGist -->
      </class> <!-- tests.CreateGistTest -->
    </test> <!-- Default test -->
  </suite> <!-- Default suite -->
</testng-results>
