<?xml version="1.0" encoding="UTF-8"?>
<testng-results ignored="2" total="3" passed="1" failed="0" skipped="0">
  <reporter-output>
  </reporter-output>
  <suite started-at="2021-10-24T02:10:35 IST" name="Default suite" finished-at="2021-10-24T02:10:40 IST" duration-ms="4880">
    <groups>
    </groups>
    <test started-at="2021-10-24T02:10:35 IST" name="Default test" finished-at="2021-10-24T02:10:40 IST" duration-ms="4880">
      <class name="tests.ListGistTest">
        <test-method is-config="true" signature="init()[pri:0, instance:tests.ListGistTest@39d76cb5]" started-at="2021-10-24T02:10:35 IST" name="init" finished-at="2021-10-24T02:10:36 IST" duration-ms="545" status="PASS">
          <reporter-output>
          </reporter-output>
        </test-method> <!-- init -->
        <test-method signature="testListGistWithUsernameForAuthenticatedUser()[pri:0, instance:tests.ListGistTest@39d76cb5]" started-at="2021-10-24T02:10:36 IST" name="testListGistWithUsernameForAuthenticatedUser" finished-at="2021-10-24T02:10:40 IST" duration-ms="4296" status="PASS">
          <reporter-output>
          </reporter-output>
        </test-method> <!-- testListGistWithUsernameForAuthenticatedUser -->
      </class> <!-- tests.ListGistTest -->
    </test> <!-- Default test -->
  </suite> <!-- Default suite -->
</testng-results>
